[debug] [2021-09-14T14:11:53.347Z] ----------------------------------------------------------------------
[debug] [2021-09-14T14:11:53.350Z] Command:       C:\Program Files\nodejs\node.exe C:\Users\cjdtc\AppData\Roaming\npm\node_modules\firebase-tools\lib\bin\firebase.js deploy
[debug] [2021-09-14T14:11:53.350Z] CLI Version:   9.18.0
[debug] [2021-09-14T14:11:53.350Z] Platform:      win32
[debug] [2021-09-14T14:11:53.351Z] Node Version:  v16.4.0
[debug] [2021-09-14T14:11:53.353Z] Time:          Tue Sep 14 2021 17:11:53 GMT+0300 (Moscow Standard Time)
[debug] [2021-09-14T14:11:53.353Z] ----------------------------------------------------------------------
[debug] 
[debug] [2021-09-14T14:11:53.450Z] > command requires scopes: ["email","openid","https://www.googleapis.com/auth/cloudplatformprojects.readonly","https://www.googleapis.com/auth/firebase","https://www.googleapis.com/auth/cloud-platform"]
[debug] [2021-09-14T14:11:53.451Z] > authorizing via signed-in user (cjdtcnm777@gmail.com)
[debug] [2021-09-14T14:11:53.451Z] [iam] checking project kysapka-web-chat-react for permissions ["firebase.projects.get","firebasehosting.sites.update"]
[debug] [2021-09-14T14:11:53.454Z] >>> HTTP REQUEST POST https://cloudresourcemanager.googleapis.com/v1/projects/kysapka-web-chat-react:testIamPermissions  
 {"permissions":["firebase.projects.get","firebasehosting.sites.update"]}
[debug] [2021-09-14T14:11:54.322Z] <<< HTTP RESPONSE 200 {"content-type":"application/json; charset=UTF-8","vary":"X-Origin, Referer, Origin,Accept-Encoding","date":"Tue, 14 Sep 2021 14:11:54 GMT","server":"ESF","cache-control":"private","x-xss-protection":"0","x-frame-options":"SAMEORIGIN","x-content-type-options":"nosniff","server-timing":"gfet4t7; dur=715","alt-svc":"h3=\":443\"; ma=2592000,h3-29=\":443\"; ma=2592000,h3-T051=\":443\"; ma=2592000,h3-Q050=\":443\"; ma=2592000,h3-Q046=\":443\"; ma=2592000,h3-Q043=\":443\"; ma=2592000,quic=\":443\"; ma=2592000; v=\"46,43\"","accept-ranges":"none","transfer-encoding":"chunked"}
[debug] [2021-09-14T14:11:54.325Z] > refreshing access token with scopes: []
[debug] [2021-09-14T14:11:54.325Z] >>> HTTP REQUEST POST https://www.googleapis.com/oauth2/v3/token  
 <request body omitted>
[debug] [2021-09-14T14:11:54.422Z] <<< HTTP RESPONSE 200 {"expires":"Mon, 01 Jan 1990 00:00:00 GMT","cache-control":"no-cache, no-store, max-age=0, must-revalidate","pragma":"no-cache","date":"Tue, 14 Sep 2021 14:11:54 GMT","content-type":"application/json; charset=utf-8","vary":"X-Origin, Referer, Origin,Accept-Encoding","server":"scaffolding on HTTPServer2","x-xss-protection":"0","x-frame-options":"SAMEORIGIN","x-content-type-options":"nosniff","alt-svc":"h3=\":443\"; ma=2592000,h3-29=\":443\"; ma=2592000,h3-T051=\":443\"; ma=2592000,h3-Q050=\":443\"; ma=2592000,h3-Q046=\":443\"; ma=2592000,h3-Q043=\":443\"; ma=2592000,quic=\":443\"; ma=2592000; v=\"46,43\"","accept-ranges":"none","transfer-encoding":"chunked"}
[debug] [2021-09-14T14:11:54.497Z] >>> [apiv2][query] GET https://firebase.googleapis.com/v1beta1/projects/kysapka-web-chat-react [none]
[debug] [2021-09-14T14:11:54.717Z] <<< [apiv2][status] GET https://firebase.googleapis.com/v1beta1/projects/kysapka-web-chat-react 200
[debug] [2021-09-14T14:11:54.717Z] <<< [apiv2][body] GET https://firebase.googleapis.com/v1beta1/projects/kysapka-web-chat-react {"projectId":"kysapka-web-chat-react","projectNumber":"432851087871","displayName":"kysapka-web-chat-react","name":"projects/kysapka-web-chat-react","resources":{"hostingSite":"kysapka-web-chat-react","realtimeDatabaseInstance":"kysapka-web-chat-react-default-rtdb","storageBucket":"kysapka-web-chat-react.appspot.com","locationId":"europe-west"},"state":"ACTIVE"}
[info] 
[info] === Deploying to 'kysapka-web-chat-react'...
[info] 
[info] i  deploying hosting 
[error] 
[error] Error: Expected to be in a project directory, but none was found.
